root@raibos:~# media-ctl -p
Media controller API version 5.4.70

Media device information
------------------------
driver          mxc-md
model           FSL Capture Media Device
serial          
bus info        
hw revision     0x0
driver version  5.4.70

Device topology
- entity 1: mxc_isi.0 (16 pads, 2 links)
            type V4L2 subdev subtype Unknown flags 0
        pad0: Sink
                <- "mxc-mipi-csi2.0":4 [ENABLED]
        pad1: Sink
        pad2: Sink
        pad3: Sink
        pad4: Sink
        pad5: Sink
        pad6: Sink
        pad7: Sink
        pad8: Sink
        pad9: Sink
        pad10: Sink
        pad11: Sink
        pad12: Source
                -> "mxc_isi.0.capture":0 [ENABLED]
        pad13: Source
        pad14: Source
        pad15: Sink

- entity 18: mxc_isi.0.capture (1 pad, 1 link)
             type Node subtype V4L flags 0
             device node name /dev/video0
        pad0: Sink
                <- "mxc_isi.0":12 [ENABLED]

- entity 22: mxc-mipi-csi2.0 (8 pads, 2 links)
             type Node subtype V4L flags 0
             device node name /dev/v4l-subdev0
        pad0: Sink
                <- "imx219 2-001a":0 [ENABLED,IMMUTABLE]
        pad1: Sink
        pad2: Sink
        pad3: Sink
        pad4: Source
                -> "mxc_isi.0":0 [ENABLED]
        pad5: Source
        pad6: Source
        pad7: Source

- entity 31: imx219 2-001a (1 pad, 1 link)
             type V4L2 subdev subtype Sensor flags 0
             device node name /dev/v4l-subdev1
        pad0: Source
                [fmt:SRGGB10_1X10/3280x2464 field:none colorspace:srgb xfer:srgb ycbcr:601 quantization:full-range]
                -> "mxc-mipi-csi2.0":0 [ENABLED,IMMUTABLE]

root@raibos:~# v4l2-ctl -d /dev/video0 --all
Driver Info:
        Driver name      : mxc-isi-cap
        Card type        : mxc-isi-cap
        Bus info         : platform:32e00000.isi:cap_devic
        Driver version   : 5.4.70
        Capabilities     : 0x84201000
                Video Capture Multiplanar
                Streaming
                Extended Pix Format
                Device Capabilities
        Device Caps      : 0x04201000
                Video Capture Multiplanar
                Streaming
                Extended Pix Format
Media Driver Info:
        Driver name      : mxc-md
        Model            : FSL Capture Media Device
        Serial           : 
        Bus info         : 
        Media version    : 5.4.70
        Hardware revision: 0x00000000 (0)
        Driver version   : 5.4.70
Interface Info:
        ID               : 0x03000014
        Type             : V4L Video
Entity Info:
        ID               : 0x00000012 (18)
        Name             : mxc_isi.0.capture
        Function         : V4L2 I/O
        Pad 0x01000013   : 0: Sink
          Link 0x02000021: from remote pad 0x100000e of entity 'mxc_isi.0': Data, Enabled
Priority: 2
Format Video Capture Multiplanar:
        Width/Height      : 0/0
        Pixel Format      : 'GREY'
        Field             : None
        Number of planes  : 1
        Flags             : 
        Colorspace        : JPEG
        Transfer Function : Default
        YCbCr/HSV Encoding: Default
        Quantization      : Default
        Plane 0           :
           Bytes per Line : 0
           Size Image     : 0

User Controls

                       exposure 0x00980911 (int)    : min=4 max=3522 step=1 default=1600 value=1600
                horizontal_flip 0x00980914 (bool)   : default=0 value=0 flags=modify-layout
                  vertical_flip 0x00980915 (bool)   : default=0 value=0 flags=modify-layout
                alpha_component 0x00980929 (int)    : min=0 max=255 step=1 default=0 value=0

Image Source Controls

              vertical_blanking 0x009e0901 (int)    : min=4 max=63071 step=1 default=1062 value=1062
            horizontal_blanking 0x009e0902 (int)    : min=168 max=168 step=1 default=168 value=168 flags=read-only
                  analogue_gain 0x009e0903 (int)    : min=0 max=232 step=1 default=0 value=0
                red_pixel_value 0x009e0904 (int)    : min=0 max=1023 step=1 default=1023 value=1023
          green_red_pixel_value 0x009e0905 (int)    : min=0 max=1023 step=1 default=1023 value=1023
               blue_pixel_value 0x009e0906 (int)    : min=0 max=1023 step=1 default=1023 value=1023
         green_blue_pixel_value 0x009e0907 (int)    : min=0 max=1023 step=1 default=1023 value=1023

Image Processing Controls

                     pixel_rate 0x009f0902 (int64)  : min=182400000 max=182400000 step=1 default=182400000 value=182400000 flags=read-only
                   test_pattern 0x009f0903 (menu)   : min=0 max=4 default=0 value=0
                   digital_gain 0x009f0905 (int)    : min=256 max=4095 step=1 default=256 value=256
root@raibos:~# 


~~~~~~~~~~~~~~~~~~~~~~~~~~~~~~~~~~~~~~~~~~~~~~~~~~~~~~~~~~~~~~~~~~~~~~~~~~~~~~~~~~~~~~~~~~~~~~~~~~~~~~~~~~~~~~~~~~~~~~~~~~~~~~~~~~~~~~~~~~~~~~~~~~~~~~~


root@raibos:~# media-ctl -p
Media controller API version 5.4.70

Media device information
------------------------
driver          mxc-md
model           FSL Capture Media Device
serial          
bus info        
hw revision     0x0
driver version  5.4.70

Device topology
- entity 1: mxc_isi.0 (16 pads, 2 links)
            type V4L2 subdev subtype Unknown flags 0
        pad0: Sink
                <- "mxc-mipi-csi2.0":4 [ENABLED]
        pad1: Sink
        pad2: Sink
        pad3: Sink
        pad4: Sink
        pad5: Sink
        pad6: Sink
        pad7: Sink
        pad8: Sink
        pad9: Sink
        pad10: Sink
        pad11: Sink
        pad12: Source
                -> "mxc_isi.0.capture":0 [ENABLED]
        pad13: Source
        pad14: Source
        pad15: Sink

- entity 18: mxc_isi.0.capture (1 pad, 1 link)
             type Node subtype V4L flags 0
             device node name /dev/video0
        pad0: Sink
                <- "mxc_isi.0":12 [ENABLED]

- entity 22: mxc-mipi-csi2.0 (8 pads, 2 links)
             type Node subtype V4L flags 0
             device node name /dev/v4l-subdev0
        pad0: Sink
                <- "imx219 2-001a":0 [ENABLED,IMMUTABLE]
        pad1: Sink
        pad2: Sink
        pad3: Sink
        pad4: Source
                -> "mxc_isi.0":0 [ENABLED]
        pad5: Source
        pad6: Source
        pad7: Source

- entity 31: imx219 2-001a (1 pad, 1 link)
             type V4L2 subdev subtype Sensor flags 0
             device node name /dev/v4l-subdev1
        pad0: Source
                [fmt:SRGGB8_1X8/1920x1080 field:none colorspace:srgb xfer:srgb ycbcr:601 quantization:full-range]
                -> "mxc-mipi-csi2.0":0 [ENABLED,IMMUTABLE]

root@raibos:~# v4l2-ctl -d /dev/video0 --all
Driver Info:
        Driver name      : mxc-isi-cap
        Card type        : mxc-isi-cap
        Bus info         : platform:32e00000.isi:cap_devic
        Driver version   : 5.4.70
        Capabilities     : 0x84201000
                Video Capture Multiplanar
                Streaming
                Extended Pix Format
                Device Capabilities
        Device Caps      : 0x04201000
                Video Capture Multiplanar
                Streaming
                Extended Pix Format
Media Driver Info:
        Driver name      : mxc-md
        Model            : FSL Capture Media Device
        Serial           : 
        Bus info         : 
        Media version    : 5.4.70
        Hardware revision: 0x00000000 (0)
        Driver version   : 5.4.70
Interface Info:
        ID               : 0x03000014
        Type             : V4L Video
Entity Info:
        ID               : 0x00000012 (18)
        Name             : mxc_isi.0.capture
        Function         : V4L2 I/O
        Pad 0x01000013   : 0: Sink
          Link 0x02000021: from remote pad 0x100000e of entity 'mxc_isi.0': Data, Enabled
Priority: 2
Format Video Capture Multiplanar:
        Width/Height      : 1920/1080
        Pixel Format      : 'BA81'
        Field             : None
        Number of planes  : 1
        Flags             : 
        Colorspace        : JPEG
        Transfer Function : Default
        YCbCr/HSV Encoding: Default
        Quantization      : Default
        Plane 0           :
           Bytes per Line : 1920
           Size Image     : 2073600

User Controls

                       exposure 0x00980911 (int)    : min=4 max=1759 step=1 default=1600 value=1600
                horizontal_flip 0x00980914 (bool)   : default=0 value=0 flags=modify-layout
                  vertical_flip 0x00980915 (bool)   : default=0 value=0 flags=modify-layout
                alpha_component 0x00980929 (int)    : min=0 max=255 step=1 default=0 value=0

Image Source Controls

              vertical_blanking 0x009e0901 (int)    : min=4 max=64455 step=1 default=683 value=683
            horizontal_blanking 0x009e0902 (int)    : min=1528 max=1528 step=1 default=1528 value=1528 flags=read-only
                  analogue_gain 0x009e0903 (int)    : min=0 max=232 step=1 default=0 value=0
                red_pixel_value 0x009e0904 (int)    : min=0 max=1023 step=1 default=1023 value=1023
          green_red_pixel_value 0x009e0905 (int)    : min=0 max=1023 step=1 default=1023 value=1023
               blue_pixel_value 0x009e0906 (int)    : min=0 max=1023 step=1 default=1023 value=1023
         green_blue_pixel_value 0x009e0907 (int)    : min=0 max=1023 step=1 default=1023 value=1023

Image Processing Controls

                     pixel_rate 0x009f0902 (int64)  : min=182400000 max=182400000 step=1 default=182400000 value=182400000 flags=read-only
                   test_pattern 0x009f0903 (menu)   : min=0 max=4 default=0 value=0
                   digital_gain 0x009f0905 (int)    : min=256 max=4095 step=1 default=256 value=256
root@raibos:~#