root@raibos:~# media-ctl -p -d /dev/media0
Media controller API version 5.4.70

Media device information
------------------------
driver          mxc-md
model           FSL Capture Media Device
serial          
bus info        
hw revision     0x0
driver version  5.4.70

Device topology
- entity 1: mxc_isi.0 (16 pads, 2 links)
            type V4L2 subdev subtype Unknown flags 0
        pad0: Sink
                <- "mxc-mipi-csi2.0":4 [ENABLED]
        pad1: Sink
        pad2: Sink
        pad3: Sink
        pad4: Sink
        pad5: Sink
        pad6: Sink
        pad7: Sink
        pad8: Sink
        pad9: Sink
        pad10: Sink
        pad11: Sink
        pad12: Source
                -> "mxc_isi.0.capture":0 [ENABLED]
        pad13: Source
        pad14: Source
        pad15: Sink

- entity 18: mxc_isi.0.capture (1 pad, 1 link)
             type Node subtype V4L flags 0
             device node name /dev/video0
        pad0: Sink
                <- "mxc_isi.0":12 [ENABLED]

- entity 22: mxc-mipi-csi2.0 (8 pads, 1 link)
             type Node subtype V4L flags 0
             device node name /dev/v4l-subdev0
        pad0: Sink
        pad1: Sink
        pad2: Sink
        pad3: Sink
        pad4: Source
                -> "mxc_isi.0":0 [ENABLED]
        pad5: Source
        pad6: Source
        pad7: Source

- entity 31: ov5648 1-0036 (1 pad, 0 link)
             type V4L2 subdev subtype Sensor flags 0
             device node name /dev/v4l-subdev1
        pad0: Source
                [fmt:SBGGR8_1X8/2592x1944@1/15 field:none colorspace:unknown xfer:none ycbcr:601 quantization:full-range]

root@raibos:~# v4l2-ctl --all
[   88.257031] mxc-mipi-csi2.0: is_entity_link_setup, No remote pad found!
Driver Info:
        Driver name      :[   88.264254] mxc-mipi-csi2.0: mipi_csis_get_fmt, No remote pad found!
[   88.273456] mxc_isi.0: get remote fmt fail!
[   88.277848] mxc-mipi-csi2.0: mipi_csis_g_frame_interval, No remote pad found!
[   88.285002] mxc-mipi-csi2.0: mipi_csis_g_frame_interval, No remote subdev found!
 mxc-isi-cap
        Card type        : mxc-isi-cap
        Bus info         : platform:32e00000.isi:cap_devic
        Driver version   : 5.4.70
        Capabilities     : 0x84201000
                Video Capture Multiplanar
                Streaming
                Extended Pix Format
                Device Capabilities
        Device Caps      : 0x04201000
                Video Capture Multiplanar
                Streaming
                Extended Pix Format
Media Driver Info:
        Driver name      : mxc-md
        Model            : FSL Capture Media Device
        Serial           : 
        Bus info         : 
        Media version    : 5.4.70
        Hardware revision: 0x00000000 (0)
        Driver version   : 5.4.70
Interface Info:
        ID               : 0x03000014
        Type             : V4L Video
Entity Info:
        ID               : 0x00000012 (18)
        Name             : mxc_isi.0.capture
        Function         : V4L2 I/O
        Pad 0x01000013   : 0: Sink
          Link 0x02000021: from remote pad 0x100000e of entity 'mxc_isi.0': Data, Enabled
Priority: 0
Format Video Capture Multiplanar:
        Width/Height      : 0/0
        Pixel Format      : 'GREY'
        Field             : None
        Number of planes  : 1
        Flags             : 
        Colorspace        : JPEG
        Transfer Function : Default
        YCbCr/HSV Encoding: Default
        Quantization      : Default
        Plane 0           :
           Bytes per Line : 0
           Size Image     : 0
root@raibos:~# ls -l /dev/v*
crw-rw---- 1 root video 81,   1 Jan  1 00:00 /dev/v4l-subdev0
crw-rw---- 1 root video 81,   2 Jan  1 00:00 /dev/v4l-subdev1
crw-rw---- 1 root tty    7,   0 Jan  1 00:00 /dev/vcs
crw-rw---- 1 root tty    7,   1 Jan  1 00:00 /dev/vcs1
crw-rw---- 1 root tty    7,   2 Jan  1 00:00 /dev/vcs2
crw-rw---- 1 root tty    7,   3 Jan  1 00:00 /dev/vcs3
crw-rw---- 1 root tty    7,   4 Jan  1 00:00 /dev/vcs4
crw-rw---- 1 root tty    7,   5 Jan  1 00:00 /dev/vcs5
crw-rw---- 1 root tty    7,   6 Jan  1 00:00 /dev/vcs6
crw-rw---- 1 root tty    7,   7 Jan  1 00:00 /dev/vcs7
crw-rw---- 1 root tty    7, 128 Jan  1 00:00 /dev/vcsa
crw-rw---- 1 root tty    7, 129 Jan  1 00:00 /dev/vcsa1
crw-rw---- 1 root tty    7, 130 Jan  1 00:00 /dev/vcsa2
crw-rw---- 1 root tty    7, 131 Jan  1 00:00 /dev/vcsa3
crw-rw---- 1 root tty    7, 132 Jan  1 00:00 /dev/vcsa4
crw-rw---- 1 root tty    7, 133 Jan  1 00:00 /dev/vcsa5
crw-rw---- 1 root tty    7, 134 Jan  1 00:00 /dev/vcsa6
crw-rw---- 1 root tty    7, 135 Jan  1 00:00 /dev/vcsa7
crw-rw---- 1 root tty    7,  64 Jan  1 00:00 /dev/vcsu
crw-rw---- 1 root tty    7,  65 Jan  1 00:00 /dev/vcsu1
crw-rw---- 1 root tty    7,  66 Jan  1 00:00 /dev/vcsu2
crw-rw---- 1 root tty    7,  67 Jan  1 00:00 /dev/vcsu3
crw-rw---- 1 root tty    7,  68 Jan  1 00:00 /dev/vcsu4
crw-rw---- 1 root tty    7,  69 Jan  1 00:00 /dev/vcsu5
crw-rw---- 1 root tty    7,  70 Jan  1 00:00 /dev/vcsu6
crw-rw---- 1 root tty    7,  71 Jan  1 00:00 /dev/vcsu7
crw------- 1 root root  10,  63 Jan  1 00:00 /dev/vga_arbiter
crw------- 1 root root  10, 137 Jan  1 00:00 /dev/vhci
crw-rw---- 1 root video 81,   0 Jan  1 00:00 /dev/video0

/dev/v4l:
total 0
drwxr-xr-x 2 root root 60 Jan  1 00:00 by-path/

/dev/vfio:
total 0
crw-rw-rw- 1 root root 10, 196 Jan  1 00:00 vfio
root@raibos:~# 
