==============================================================================
after boot
==============================================================================

root@raibos:~# media-ctl -p
Media controller API version 5.4.[   21.852079] ov5648 2-0036: ov5648_get_fmt
[   21.858572] ov5648 1-0036: ov5648_get_fmt
70

Media device information
------------------------
driver          mxc-md
model           FSL Capture Media Device
serial          
bus info        
hw revision     0x0
driver version  5.4.70

Device topology
- entity 1: mxc_isi.0 (16 pads, 2 links)
            type V4L2 subdev subtype Unknown flags 0
        pad0: Sink
                <- "mxc-mipi-csi2.0":4 [ENABLED]
        pad1: Sink
        pad2: Sink
        pad3: Sink
        pad4: Sink
        pad5: Sink
        pad6: Sink
        pad7: Sink
        pad8: Sink
        pad9: Sink
        pad10: Sink
        pad11: Sink
        pad12: Source
                -> "mxc_isi.0.capture":0 [ENABLED]
        pad13: Source
        pad14: Source
        pad15: Sink

- entity 18: mxc_isi.0.capture (1 pad, 1 link)
             type Node subtype V4L flags 0
             device node name /dev/video0
        pad0: Sink
                <- "mxc_isi.0":12 [ENABLED]

- entity 22: mxc_isi.1 (16 pads, 2 links)
             type V4L2 subdev subtype Unknown flags 0
        pad0: Sink
        pad1: Sink
        pad2: Sink
        pad3: Sink
        pad4: Sink
                <- "mxc-mipi-csi2.1":4 [ENABLED]
        pad5: Sink
        pad6: Sink
        pad7: Sink
        pad8: Sink
        pad9: Sink
        pad10: Sink
        pad11: Sink
        pad12: Source
                -> "mxc_isi.1.capture":0 [ENABLED]
        pad13: Source
        pad14: Source
        pad15: Sink

- entity 39: mxc_isi.1.capture (1 pad, 1 link)
             type Node subtype V4L flags 0
             device node name /dev/video1
        pad0: Sink
                <- "mxc_isi.1":12 [ENABLED]

- entity 43: mxc-mipi-csi2.0 (8 pads, 2 links)
             type Node subtype V4L flags 0
             device node name /dev/v4l-subdev0
        pad0: Sink
                <- "ov5648 2-0036":0 [ENABLED,IMMUTABLE]
        pad1: Sink
        pad2: Sink
        pad3: Sink
        pad4: Source
                -> "mxc_isi.0":0 [ENABLED]
        pad5: Source
        pad6: Source
        pad7: Source

- entity 52: mxc-mipi-csi2.1 (8 pads, 2 links)
             type Node subtype V4L flags 0
             device node name /dev/v4l-subdev1
        pad0: Sink
                <- "ov5648 1-0036":0 [ENABLED,IMMUTABLE]
        pad1: Sink
        pad2: Sink
        pad3: Sink
        pad4: Source
                -> "mxc_isi.1":4 [ENABLED]
        pad5: Source
        pad6: Source
        pad7: Source

- entity 61: ov5648 2-0036 (1 pad, 1 link)
             type V4L2 subdev subtype Sensor flags 0
             device node name /dev/v4l-subdev2
        pad0: Source
                [fmt:SBGGR8_1X8/2592x1944@1/15 field:none colorspace:unknown xfer:none quantization:full-range]
                -> "mxc-mipi-csi2.0":0 [ENABLED,IMMUTABLE]

- entity 63: ov5648 1-0036 (1 pad, 1 link)
             type V4L2 subdev subtype Sensor flags 0
             device node name /dev/v4l-subdev3
        pad0: Source
                [fmt:SBGGR8_1X8/2592x1944@1/15 field:none colorspace:unknown xfer:none quantization:full-range]
                -> "mxc-mipi-csi2.1":0 [ENABLED,IMMUTABLE]

==============================================================================
from application
==============================================================================

root@raibos:~# [   35.807522] can1-stby: disabling
[   35.810760] can2-stby: disabling
./cam-test 
##########
/dev/video0
width:  0
height:  0
colorspace:  7
[   45.255646] ov5648 2-0036: ov5648_set_fmt

field:  1
format:  GREY
xfer: [   45.260397] ov5648 2-0036: target code=3013
 0
~~~~~~~~~~
##########
/dev/[   45.267442] ov5648 2-0036: after fill: mbus_format->code=3013, mbus_code=3013
[   45.277440] ov5648 2-0036: ov5648_get_fmt
video0
width:  1280
height:  720
colorspace:  7
ycbcr:  0
fie[   45.286555] bypass csc
ld:  1
format:  GBRG
xfer:  0
[   45.289949] input fmt RGB4
[   45.295515] output fmt GBRG
~~~~~~~~~~
##########
/dev/video1
width:  0
height:  0
colorspace:  7
ycbcr:  0
field:  1
format:  GREY
xfer:  0
~~~~~~~~~~
##########
/dev/video1
width:  1280
height:  720
colorspace:  7
ycbcr:  0
field:  1
format:  GBRG
xfer:  0
~~~~~~~~~~
[   45.898958] ov5648 1-0036: ov5648_set_fmt
[   45.902990] ov5648 1-0036: target code=3013
[   45.907197] ov5648 1-0036: after fill: mbus_format->code=3013, mbus_code=3013
[   45.914362] ov5648 1-0036: ov5648_get_fmt
[   45.923483] bypass csc
[   45.925842] input fmt RGB4
[   45.928562] output fmt GBRG

==============================================================================
after application
==============================================================================

root@raibos:~# media-ctl -p
Media controller API version 5.4.[   54.816206] ov5648 2-0036: ov5648_get_fmt
[   54.822654] ov5648 1-0036: ov5648_get_fmt
70

Media device information
------------------------
driver          mxc-md
model           FSL Capture Media Device
serial          
bus info        
hw revision     0x0
driver version  5.4.70

Device topology
- entity 1: mxc_isi.0 (16 pads, 2 links)
            type V4L2 subdev subtype Unknown flags 0
        pad0: Sink
                <- "mxc-mipi-csi2.0":4 [ENABLED]
        pad1: Sink
        pad2: Sink
        pad3: Sink
        pad4: Sink
        pad5: Sink
        pad6: Sink
        pad7: Sink
        pad8: Sink
        pad9: Sink
        pad10: Sink
        pad11: Sink
        pad12: Source
                -> "mxc_isi.0.capture":0 [ENABLED]
        pad13: Source
        pad14: Source
        pad15: Sink

- entity 18: mxc_isi.0.capture (1 pad, 1 link)
             type Node subtype V4L flags 0
             device node name /dev/video0
        pad0: Sink
                <- "mxc_isi.0":12 [ENABLED]

- entity 22: mxc_isi.1 (16 pads, 2 links)
             type V4L2 subdev subtype Unknown flags 0
        pad0: Sink
        pad1: Sink
        pad2: Sink
        pad3: Sink
        pad4: Sink
                <- "mxc-mipi-csi2.1":4 [ENABLED]
        pad5: Sink
        pad6: Sink
        pad7: Sink
        pad8: Sink
        pad9: Sink
        pad10: Sink
        pad11: Sink
        pad12: Source
                -> "mxc_isi.1.capture":0 [ENABLED]
        pad13: Source
        pad14: Source
        pad15: Sink

- entity 39: mxc_isi.1.capture (1 pad, 1 link)
             type Node subtype V4L flags 0
             device node name /dev/video1
        pad0: Sink
                <- "mxc_isi.1":12 [ENABLED]

- entity 43: mxc-mipi-csi2.0 (8 pads, 2 links)
             type Node subtype V4L flags 0
             device node name /dev/v4l-subdev0
        pad0: Sink
                <- "ov5648 2-0036":0 [ENABLED,IMMUTABLE]
        pad1: Sink
        pad2: Sink
        pad3: Sink
        pad4: Source
                -> "mxc_isi.0":0 [ENABLED]
        pad5: Source
        pad6: Source
        pad7: Source

- entity 52: mxc-mipi-csi2.1 (8 pads, 2 links)
             type Node subtype V4L flags 0
             device node name /dev/v4l-subdev1
        pad0: Sink
                <- "ov5648 1-0036":0 [ENABLED,IMMUTABLE]
        pad1: Sink
        pad2: Sink
        pad3: Sink
        pad4: Source
                -> "mxc_isi.1":4 [ENABLED]
        pad5: Source
        pad6: Source
        pad7: Source

- entity 61: ov5648 2-0036 (1 pad, 1 link)
             type V4L2 subdev subtype Sensor flags 0
             device node name /dev/v4l-subdev2
        pad0: Source
                [fmt:SGBRG8_1X8/1280x720@1/30 field:none colorspace:unknown xfer:none quantization:full-range]
                -> "mxc-mipi-csi2.0":0 [ENABLED,IMMUTABLE]

- entity 63: ov5648 1-0036 (1 pad, 1 link)
             type V4L2 subdev subtype Sensor flags 0
             device node name /dev/v4l-subdev3
        pad0: Source
                [fmt:SGBRG8_1X8/1280x720@1/30 field:none colorspace:unknown xfer:none quantization:full-range]
                -> "mxc-mipi-csi2.1":0 [ENABLED,IMMUTABLE]
